#
# A fatal error has been detected by the Java Runtime Environment:
#
#  Internal Error (javaClasses.cpp:129), pid=18556, tid=18592
#  fatal error: Invalid layout of preloaded class
#
# JRE version: 7.0_17-b02
# Java VM: Java HotSpot(TM) 64-Bit Server VM (23.7-b01 mixed mode windows-amd64 compressed oops)
# Failed to write core dump. Minidumps are not enabled by default on client versions of Windows
#
# If you would like to submit a bug report, please visit:
#   http://bugreport.sun.com/bugreport/crash.jsp
#

---------------  T H R E A D  ---------------

Current thread (0x00000000022ef000):  JavaThread "Unknown thread" [_thread_in_vm, id=18592, stack(0x0000000002410000,0x0000000002510000)]

Stack: [0x0000000002410000,0x0000000002510000]

---------------  P R O C E S S  ---------------

Java Threads: ( => current thread )

Other Threads:

=>0x00000000022ef000 (exited) JavaThread "Unknown thread" [_thread_in_vm, id=18592, stack(0x0000000002410000,0x0000000002510000)]

VM state:not at safepoint (not fully initialized)

VM Mutex/Monitor currently owned by a thread: None

GC Heap History (0 events):
No events

Deoptimization events (0 events):
No events

Internal exceptions (0 events):
No events

Events (10 events):
Event: 0.129 loading class 0x00000000021c18b0 done
Event: 0.129 loading class 0x0000000002183840 done
Event: 0.129 loading class 0x0000000002183810
Event: 0.129 loading class 0x00000000021cb540
Event: 0.129 loading class 0x00000000021cb540 done
Event: 0.129 loading class 0x00000000021cb580
Event: 0.129 loading class 0x00000000021cb580 done
Event: 0.129 loading class 0x000000000b58d230
Event: 0.129 loading class 0x000000000b58d230 done
Event: 0.129 loading class 0x0000000002183810 done


Dynamic libraries:
0x000000013fad0000 - 0x000000013fb03000 	D:\Tool\Java\jdk1.7.0_17\bin\javaw.exe
0x0000000077530000 - 0x00000000776d9000 	C:\Windows\SYSTEM32\ntdll.dll
0x0000000077410000 - 0x000000007752f000 	C:\Windows\system32\kernel32.dll
0x000007fefd610000 - 0x000007fefd67b000 	C:\Windows\system32\KERNELBASE.dll
0x000007fefdb60000 - 0x000007fefdc3b000 	C:\Windows\system32\ADVAPI32.dll
0x000007feff770000 - 0x000007feff80f000 	C:\Windows\system32\msvcrt.dll
0x000007fefefe0000 - 0x000007fefefff000 	C:\Windows\SYSTEM32\sechost.dll
0x000007fefdc40000 - 0x000007fefdd6d000 	C:\Windows\system32\RPCRT4.dll
0x0000000077310000 - 0x000000007740a000 	C:\Windows\system32\USER32.dll
0x000007fefdfd0000 - 0x000007fefe037000 	C:\Windows\system32\GDI32.dll
0x000007fefee80000 - 0x000007fefee8e000 	C:\Windows\system32\LPK.dll
0x000007fefee90000 - 0x000007fefef59000 	C:\Windows\system32\USP10.dll
0x000007fefbf00000 - 0x000007fefc0f4000 	C:\Windows\WinSxS\amd64_microsoft.windows.common-controls_6595b64144ccf1df_6.0.7601.17514_none_fa396087175ac9ac\COMCTL32.dll
0x000007fefef60000 - 0x000007fefefd1000 	C:\Windows\system32\SHLWAPI.dll
0x000007feff810000 - 0x000007feff83e000 	C:\Windows\system32\IMM32.DLL
0x000007feff000000 - 0x000007feff109000 	C:\Windows\system32\MSCTF.dll
0x0000000064180000 - 0x0000000064251000 	D:\Tool\Java\jdk1.7.0_17\jre\bin\msvcr100.dll
0x0000000059360000 - 0x0000000059a7f000 	D:\Tool\Java\jdk1.7.0_17\jre\bin\server\jvm.dll
0x000007fefa620000 - 0x000007fefa629000 	C:\Windows\system32\WSOCK32.dll
0x000007feff130000 - 0x000007feff17d000 	C:\Windows\system32\WS2_32.dll
0x000007fefee70000 - 0x000007fefee78000 	C:\Windows\system32\NSI.dll
0x000007fefb580000 - 0x000007fefb5bb000 	C:\Windows\system32\WINMM.dll
0x00000000776f0000 - 0x00000000776f7000 	C:\Windows\system32\PSAPI.DLL
0x000000006e180000 - 0x000000006e18f000 	D:\Tool\Java\jdk1.7.0_17\jre\bin\verify.dll
0x000000006e150000 - 0x000000006e178000 	D:\Tool\Java\jdk1.7.0_17\jre\bin\java.dll
0x000000005a480000 - 0x000000005a4b5000 	D:\Tool\Java\jdk1.7.0_17\jre\bin\jdwp.dll
0x000000005d2d0000 - 0x000000005d2d8000 	D:\Tool\Java\jdk1.7.0_17\jre\bin\npt.dll
0x000000005d4f0000 - 0x000000005d505000 	D:\Tool\Java\jdk1.7.0_17\jre\bin\zip.dll

VM Arguments:
jvm_args: -agentlib:jdwp=transport=dt_socket,suspend=y,address=localhost:55273 -Dfile.encoding=Cp1252 -Xbootclasspath:E:\Tool\adt-bundle-windows-x86_64-20140321\sdk\platforms\android-16\android.jar 
java_command: vn.dating.test.ProfileTestUtil
Launcher Type: SUN_STANDARD

Environment Variables:
JAVA_HOME=D:\Tool\Java\jdk1.7.0_17
PATH=D:\Tool\Java\jdk1.7.0_17\jre\bin;D:/Tool/Java/jdk1.7.0_17/bin/../jre/bin/server;D:/Tool/Java/jdk1.7.0_17/bin/../jre/bin;D:/Tool/Java/jdk1.7.0_17/bin/../jre/lib/amd64;D:\Tool\Java\jdk1.7.0_17\bin;C:\Ruby193\bin;c:\program files (x86)\graphicsmagick-1.3.18-q8;C:\Program Files (x86)\AMD APP\bin\x86_64;C:\Program Files (x86)\AMD APP\bin\x86;c:\Program Files (x86)\Intel\iCLS Client\;c:\Program Files\Intel\iCLS Client\;C:\Windows\system32;C:\Windows;C:\Windows\System32\Wbem;C:\Windows\System32\WindowsPowerShell\v1.0\;C:\Program Files\Intel\Intel(R) Management Engine Components\DAL;C:\Program Files\Intel\Intel(R) Management Engine Components\IPT;C:\Program Files (x86)\Intel\Intel(R) Management Engine Components\DAL;C:\Program Files (x86)\Intel\Intel(R) Management Engine Components\IPT;C:\Program Files (x86)\ATI Technologies\ATI.ACE\Core-Static;D:\Tool\mysql\bin;D:\Tool\Java\jdk1.6.0_43\bin;D:\Tool\apache-ant-1.8.4\bin;D:\Tool\mongodb-win32-i386-2.2.3\bin;D:\Tool\apache-ant-1.8.4\bin;D:\Tool\xmlbeans-2.5.0\bin;C:\Program Files (x86)\GraphicsMagick-1.3.18-Q8;C:\Program Files (x86)\Git\cmd;C:\nodejs\;C:\Program Files\TortoiseSVN\bin;C:\Program Files (x86)\WinMerge;C:\Meteor\;C:\Program Files (x86)\cURL\bin;C:\Program Files (x86)\PDFtk Server\bin\;D:\Tool(x86)\Microsoft SQL Server\110\Tools\Binn\;D:\Tool\Microsoft SQL Server\110\Tools\Binn\;D:\Tool\Microsoft SQL Server\110\DTS\Binn\;D:\Tool(x86)\Microsoft SQL Server\110\Tools\Binn\ManagementStudio\;C:\Program Files (x86)\Microsoft Visual Studio 10.0\Common7\IDE\PrivateAssemblies\;D:\Tool(x86)\Microsoft SQL Server\110\DTS\Binn\;D:\Tool\Java\jdk1.7.0_17\bin;C:\Users\Welcomes\AppData\Roaming\npm;D:\Tool\wamp\bin\php\php5.3.13;D:\Tool\sonar-runner-2.3\bin;D:\Tool\apache-maven-3.1.1\bin;D:\Tool\appengine-java-sdk\bin;C:\Program Files (x86)\PDFtk Server\bin\;E:\Tool\gradle-1.10\bin;E:\Tool\adt-bundle-windows-x86_64-20140321\eclipse;
USERNAME=Welcomes
OS=Windows_NT
PROCESSOR_IDENTIFIER=Intel64 Family 6 Model 58 Stepping 9, GenuineIntel



---------------  S Y S T E M  ---------------

OS: Windows 7 , 64 bit Build 7601 Service Pack 1

CPU:total 4 (2 cores per cpu, 2 threads per core) family 6 model 58 stepping 9, cmov, cx8, fxsr, mmx, sse, sse2, sse3, ssse3, sse4.1, sse4.2, popcnt, avx, ht, tsc, tscinvbit, tscinv

Memory: 4k page, physical 8266296k(2723056k free), swap 24797040k(14556424k free)

vm_info: Java HotSpot(TM) 64-Bit Server VM (23.7-b01) for windows-amd64 JRE (1.7.0_17-b02), built on Mar  1 2013 03:38:30 by "java_re" with unknown MS VC++:1600

time: Fri May 09 14:22:41 2014
elapsed time: 0 seconds

